app/build/intermediates/manifest_merge_blame_file/debug/manifest-merger-blame-debug-report.txt
1<?xml version="1.0" encoding="utf-8"?>
2<manifest xmlns:android="http://schemas.android.com/apk/res/android"
3    package="com.example.sevenalbum"
4    android:versionCode="1"
5    android:versionName="1.0" >
6
7    <uses-sdk
8        android:minSdkVersion="25"
8-->src\main\AndroidManifest.xml
9        android:targetSdkVersion="33" />
9-->src\main\AndroidManifest.xml
10
11    <uses-permission android:name="android.permission.READ_EXTERNAL_STORAGE" />
11-->src\main\AndroidManifest.xml:4:5-80
11-->src\main\AndroidManifest.xml:4:22-77
12    <uses-permission android:name="android.permission.SET_WALLPAPER" />
12-->src\main\AndroidManifest.xml:5:5-72
12-->src\main\AndroidManifest.xml:5:22-69
13    <uses-permission android:name="android.permission.WRITE_INTERNAL_STORAGE" />
13-->src\main\AndroidManifest.xml:6:5-81
13-->src\main\AndroidManifest.xml:6:22-78
14    <uses-permission
14-->src\main\AndroidManifest.xml:7:5-81
15        android:name="android.permission.WRITE_EXTERNAL_STORAGE"
15-->src\main\AndroidManifest.xml:7:22-78
16        android:maxSdkVersion="28" />
16-->[:ds-photo-editor-sdk-v10:] AndroidManifest.xml:14:9-35
17    <uses-permission android:name="android.permission.MANAGE_EXTERNAL_STORAGE" />
17-->src\main\AndroidManifest.xml:8:5-82
17-->src\main\AndroidManifest.xml:8:22-79
18    <uses-permission android:name="android.permission.STORAGE" />
18-->src\main\AndroidManifest.xml:9:5-66
18-->src\main\AndroidManifest.xml:9:22-63
19    <uses-permission android:name="android.permission.CAMERA" />
19-->src\main\AndroidManifest.xml:10:5-65
19-->src\main\AndroidManifest.xml:10:22-62
20    <!-- permission for internet -->
21    <uses-permission
21-->src\main\AndroidManifest.xml:12:5-13:34
22        android:name="android.permission.INTERNET"
22-->src\main\AndroidManifest.xml:12:22-64
23        android:required="true" />
23-->src\main\AndroidManifest.xml:13:9-32
24
25    <uses-feature
25-->src\main\AndroidManifest.xml:14:5-16:36
26        android:name="android.hardware.camera"
26-->src\main\AndroidManifest.xml:15:9-47
27        android:required="false" />
27-->src\main\AndroidManifest.xml:16:9-33
28
29    <uses-permission android:name="android.permission.ACCESS_NETWORK_STATE" />
29-->[:ds-photo-editor-sdk-v10:] AndroidManifest.xml:15:5-79
29-->[:ds-photo-editor-sdk-v10:] AndroidManifest.xml:15:22-76
30    <uses-permission android:name="android.permission.WAKE_LOCK" />
30-->[com.google.firebase:firebase-measurement-connector-impl:15.0.0] AndroidManifest.xml:24:5-68
30-->[com.google.firebase:firebase-measurement-connector-impl:15.0.0] AndroidManifest.xml:24:22-65
31    <uses-permission android:name="com.google.android.finsky.permission.BIND_GET_INSTALL_REFERRER_SERVICE" /> <!-- Required by older versions of Google Play services to create IID tokens -->
31-->[com.google.firebase:firebase-analytics:15.0.2] AndroidManifest.xml:26:5-110
31-->[com.google.firebase:firebase-analytics:15.0.2] AndroidManifest.xml:26:22-107
32    <uses-permission android:name="com.google.android.c2dm.permission.RECEIVE" />
32-->[com.google.firebase:firebase-iid:20.1.5] AndroidManifest.xml:26:5-82
32-->[com.google.firebase:firebase-iid:20.1.5] AndroidManifest.xml:26:22-79
33
34    <application
34-->src\main\AndroidManifest.xml:18:5-106:19
35        android:name="com.example.sevenalbum.activities.mainActivities.MyApplication"
35-->src\main\AndroidManifest.xml:19:9-86
36        android:allowBackup="true"
36-->src\main\AndroidManifest.xml:20:9-35
37        android:appComponentFactory="androidx.core.app.CoreComponentFactory"
37-->[androidx.core:core:1.8.0] AndroidManifest.xml:24:18-86
38        android:configChanges="locale"
38-->src\main\AndroidManifest.xml:27:9-39
39        android:debuggable="true"
40        android:extractNativeLibs="false"
41        android:icon="@mipmap/ic_launcher"
41-->src\main\AndroidManifest.xml:21:9-43
42        android:label="@string/app_name"
42-->src\main\AndroidManifest.xml:22:9-41
43        android:largeHeap="true"
43-->src\main\AndroidManifest.xml:23:9-33
44        android:requestLegacyExternalStorage="true"
44-->src\main\AndroidManifest.xml:24:9-52
45        android:roundIcon="@mipmap/ic_launcher_round"
45-->src\main\AndroidManifest.xml:25:9-54
46        android:supportsRtl="true"
46-->src\main\AndroidManifest.xml:26:9-35
47        android:testOnly="true"
48        android:theme="@style/Theme.sevenalbum" >
48-->src\main\AndroidManifest.xml:29:9-48
49        <meta-data
49-->src\main\AndroidManifest.xml:30:9-32:35
50            android:name="com.google.mlkit.vision.DEPENDENCIES"
50-->src\main\AndroidManifest.xml:31:13-64
51            android:value="ica" />
51-->src\main\AndroidManifest.xml:32:13-32
52        <meta-data
52-->src\main\AndroidManifest.xml:33:9-35:69
53            android:name="com.google.android.gms.version"
53-->src\main\AndroidManifest.xml:34:13-58
54            android:value="@integer/google_play_services_version" />
54-->src\main\AndroidManifest.xml:35:13-66
55        <meta-data
55-->src\main\AndroidManifest.xml:36:9-38:37
56            android:name="com.google.firebase.ml.vision.DEPENDENCIES"
56-->src\main\AndroidManifest.xml:37:13-70
57            android:value="label" />
57-->src\main\AndroidManifest.xml:38:13-34
58
59        <activity
59-->src\main\AndroidManifest.xml:40:9-42:39
60            android:name="com.example.sevenalbum.activities.subActivities.GifShowActivity"
60-->src\main\AndroidManifest.xml:41:13-91
61            android:exported="true" />
61-->src\main\AndroidManifest.xml:42:13-36
62        <activity
62-->src\main\AndroidManifest.xml:43:9-45:39
63            android:name="com.example.sevenalbum.activities.subActivities.MultiSelectImage"
63-->src\main\AndroidManifest.xml:44:13-92
64            android:exported="true" />
64-->src\main\AndroidManifest.xml:45:13-36
65        <activity
65-->src\main\AndroidManifest.xml:46:9-48:39
66            android:name="com.example.sevenalbum.activities.subActivities.ItemSecretMultiSelectActivity"
66-->src\main\AndroidManifest.xml:47:13-105
67            android:exported="true" />
67-->src\main\AndroidManifest.xml:48:13-36
68        <activity
68-->src\main\AndroidManifest.xml:49:9-51:39
69            android:name="com.example.sevenalbum.activities.subActivities.ItemAlbumMultiSelectActivity"
69-->src\main\AndroidManifest.xml:50:13-104
70            android:exported="true" />
70-->src\main\AndroidManifest.xml:51:13-36
71        <activity
71-->src\main\AndroidManifest.xml:52:9-60:20
72            android:name="com.example.sevenalbum.activities.mainActivities.SplashActivity"
72-->src\main\AndroidManifest.xml:53:13-91
73            android:exported="true" >
73-->src\main\AndroidManifest.xml:54:13-36
74            <intent-filter>
74-->src\main\AndroidManifest.xml:55:13-59:29
75                <action android:name="android.intent.action.MAIN" />
75-->src\main\AndroidManifest.xml:56:17-69
75-->src\main\AndroidManifest.xml:56:25-66
76
77                <category android:name="android.intent.category.LAUNCHER" />
77-->src\main\AndroidManifest.xml:58:17-77
77-->src\main\AndroidManifest.xml:58:27-74
78            </intent-filter>
79        </activity>
80        <activity
80-->src\main\AndroidManifest.xml:61:9-64:52
81            android:name="com.example.sevenalbum.activities.mainActivities.AddImageToAlbumActivity"
81-->src\main\AndroidManifest.xml:62:13-100
82            android:exported="true"
82-->src\main\AndroidManifest.xml:63:13-36
83            android:screenOrientation="portrait" />
83-->src\main\AndroidManifest.xml:64:13-49
84        <activity
84-->src\main\AndroidManifest.xml:65:9-68:52
85            android:name="com.example.sevenalbum.activities.mainActivities.ItemAlbumActivity"
85-->src\main\AndroidManifest.xml:66:13-94
86            android:exported="true"
86-->src\main\AndroidManifest.xml:67:13-36
87            android:screenOrientation="portrait" />
87-->src\main\AndroidManifest.xml:68:13-49
88        <activity
88-->src\main\AndroidManifest.xml:69:9-72:52
89            android:name="com.example.sevenalbum.activities.mainActivities.SlideShowActivity"
89-->src\main\AndroidManifest.xml:70:13-94
90            android:exported="true"
90-->src\main\AndroidManifest.xml:71:13-36
91            android:screenOrientation="portrait" />
91-->src\main\AndroidManifest.xml:72:13-49
92        <activity
92-->src\main\AndroidManifest.xml:73:9-76:52
93            android:name="com.example.sevenalbum.activities.mainActivities.PictureActivity"
93-->src\main\AndroidManifest.xml:74:13-92
94            android:exported="true"
94-->src\main\AndroidManifest.xml:75:13-36
95            android:screenOrientation="portrait" />
95-->src\main\AndroidManifest.xml:76:13-49
96        <activity
96-->src\main\AndroidManifest.xml:77:9-80:52
97            android:name="com.example.sevenalbum.activities.mainActivities.CreateAlbumActivity"
97-->src\main\AndroidManifest.xml:78:13-96
98            android:exported="true"
98-->src\main\AndroidManifest.xml:79:13-36
99            android:screenOrientation="portrait" />
99-->src\main\AndroidManifest.xml:80:13-49
100        <activity
100-->src\main\AndroidManifest.xml:81:9-84:52
101            android:name="com.example.sevenalbum.activities.mainActivities.MainActivity"
101-->src\main\AndroidManifest.xml:82:13-89
102            android:exported="true"
102-->src\main\AndroidManifest.xml:83:13-36
103            android:screenOrientation="portrait" />
103-->src\main\AndroidManifest.xml:84:13-49
104        <activity
104-->src\main\AndroidManifest.xml:85:9-88:84
105            android:name="com.dsphotoeditor.sdk.activity.DsPhotoEditorActivity"
105-->src\main\AndroidManifest.xml:86:13-80
106            android:screenOrientation="portrait"
106-->src\main\AndroidManifest.xml:87:13-49
107            android:theme="@android:style/Theme.Material.NoActionBar.Fullscreen" />
107-->src\main\AndroidManifest.xml:88:13-81
108        <activity
108-->src\main\AndroidManifest.xml:89:9-92:84
109            android:name="com.dsphotoeditor.sdk.activity.DsPhotoEditorStickerActivity"
109-->src\main\AndroidManifest.xml:90:13-87
110            android:screenOrientation="portrait"
110-->src\main\AndroidManifest.xml:91:13-49
111            android:theme="@android:style/Theme.Material.NoActionBar.Fullscreen" />
111-->src\main\AndroidManifest.xml:92:13-81
112        <activity
112-->src\main\AndroidManifest.xml:93:9-97:55
113            android:name="com.dsphotoeditor.sdk.activity.DsPhotoEditorTextActivity"
113-->src\main\AndroidManifest.xml:94:13-84
114            android:screenOrientation="portrait"
114-->src\main\AndroidManifest.xml:95:13-49
115            android:theme="@android:style/Theme.Material.NoActionBar"
115-->src\main\AndroidManifest.xml:96:13-70
116            android:windowSoftInputMode="adjustPan" />
116-->src\main\AndroidManifest.xml:97:13-52
117        <activity
117-->src\main\AndroidManifest.xml:98:9-101:84
118            android:name="com.dsphotoeditor.sdk.activity.DsPhotoEditorCropActivity"
118-->src\main\AndroidManifest.xml:99:13-84
119            android:screenOrientation="portrait"
119-->src\main\AndroidManifest.xml:100:13-49
120            android:theme="@android:style/Theme.Material.NoActionBar.Fullscreen" />
120-->src\main\AndroidManifest.xml:101:13-81
121        <activity
121-->src\main\AndroidManifest.xml:102:9-105:84
122            android:name="com.dsphotoeditor.sdk.activity.DsPhotoEditorDrawActivity"
122-->src\main\AndroidManifest.xml:103:13-84
123            android:screenOrientation="portrait"
123-->src\main\AndroidManifest.xml:104:13-49
124            android:theme="@android:style/Theme.Material.NoActionBar.Fullscreen" />
124-->src\main\AndroidManifest.xml:105:13-81
125
126        <service
126-->[com.google.firebase:firebase-ml-vision:24.0.3] AndroidManifest.xml:9:9-15:19
127            android:name="com.google.firebase.components.ComponentDiscoveryService"
127-->[com.google.firebase:firebase-ml-vision:24.0.3] AndroidManifest.xml:10:13-84
128            android:directBootAware="true"
128-->[com.google.firebase:firebase-common:19.3.0] AndroidManifest.xml:34:13-43
129            android:exported="false" >
129-->[com.google.firebase:firebase-ml-vision:24.0.3] AndroidManifest.xml:11:13-37
130            <meta-data
130-->[com.google.firebase:firebase-ml-vision:24.0.3] AndroidManifest.xml:12:13-14:85
131                android:name="com.google.firebase.components:com.google.firebase.ml.vision.VisionRegistrar"
131-->[com.google.firebase:firebase-ml-vision:24.0.3] AndroidManifest.xml:13:17-108
132                android:value="com.google.firebase.components.ComponentRegistrar" />
132-->[com.google.firebase:firebase-ml-vision:24.0.3] AndroidManifest.xml:14:17-82
133            <meta-data
133-->[com.google.firebase:firebase-ml-common:22.1.1] AndroidManifest.xml:11:13-13:85
134                android:name="com.google.firebase.components:com.google.firebase.ml.common.CommonComponentRegistrar"
134-->[com.google.firebase:firebase-ml-common:22.1.1] AndroidManifest.xml:12:17-117
135                android:value="com.google.firebase.components.ComponentRegistrar" />
135-->[com.google.firebase:firebase-ml-common:22.1.1] AndroidManifest.xml:13:17-82
136            <meta-data
136-->[com.google.firebase:firebase-measurement-connector-impl:15.0.0] AndroidManifest.xml:28:13-30:85
137                android:name="com.google.firebase.components:com.google.firebase.analytics.connector.internal.AnalyticsConnectorRegistrar"
137-->[com.google.firebase:firebase-measurement-connector-impl:15.0.0] AndroidManifest.xml:29:17-139
138                android:value="com.google.firebase.components.ComponentRegistrar" />
138-->[com.google.firebase:firebase-measurement-connector-impl:15.0.0] AndroidManifest.xml:30:17-82
139            <meta-data
139-->[com.google.firebase:firebase-iid:20.1.5] AndroidManifest.xml:32:13-34:85
140                android:name="com.google.firebase.components:com.google.firebase.iid.Registrar"
140-->[com.google.firebase:firebase-iid:20.1.5] AndroidManifest.xml:33:17-96
141                android:value="com.google.firebase.components.ComponentRegistrar" />
141-->[com.google.firebase:firebase-iid:20.1.5] AndroidManifest.xml:34:17-82
142            <meta-data
142-->[com.google.firebase:firebase-installations:16.2.1] AndroidManifest.xml:17:13-19:85
143                android:name="com.google.firebase.components:com.google.firebase.installations.FirebaseInstallationsRegistrar"
143-->[com.google.firebase:firebase-installations:16.2.1] AndroidManifest.xml:18:17-127
144                android:value="com.google.firebase.components.ComponentRegistrar" />
144-->[com.google.firebase:firebase-installations:16.2.1] AndroidManifest.xml:19:17-82
145        </service>
146
147        <receiver
147-->[com.google.firebase:firebase-analytics:15.0.2] AndroidManifest.xml:29:9-33:20
148            android:name="com.google.android.gms.measurement.AppMeasurementReceiver"
148-->[com.google.firebase:firebase-analytics:15.0.2] AndroidManifest.xml:30:13-85
149            android:enabled="true"
149-->[com.google.firebase:firebase-analytics:15.0.2] AndroidManifest.xml:31:13-35
150            android:exported="false" >
150-->[com.google.firebase:firebase-analytics:15.0.2] AndroidManifest.xml:32:13-37
151        </receiver>
152        <receiver
152-->[com.google.firebase:firebase-analytics:15.0.2] AndroidManifest.xml:34:9-42:20
153            android:name="com.google.android.gms.measurement.AppMeasurementInstallReferrerReceiver"
153-->[com.google.firebase:firebase-analytics:15.0.2] AndroidManifest.xml:35:13-100
154            android:enabled="true"
154-->[com.google.firebase:firebase-analytics:15.0.2] AndroidManifest.xml:36:13-35
155            android:exported="true"
155-->[com.google.firebase:firebase-analytics:15.0.2] AndroidManifest.xml:37:13-36
156            android:permission="android.permission.INSTALL_PACKAGES" >
156-->[com.google.firebase:firebase-analytics:15.0.2] AndroidManifest.xml:38:13-69
157            <intent-filter>
157-->[com.google.firebase:firebase-analytics:15.0.2] AndroidManifest.xml:39:13-41:29
158                <action android:name="com.android.vending.INSTALL_REFERRER" />
158-->[com.google.firebase:firebase-analytics:15.0.2] AndroidManifest.xml:40:17-79
158-->[com.google.firebase:firebase-analytics:15.0.2] AndroidManifest.xml:40:25-76
159            </intent-filter>
160        </receiver>
161
162        <service
162-->[com.google.firebase:firebase-analytics:15.0.2] AndroidManifest.xml:44:9-47:40
163            android:name="com.google.android.gms.measurement.AppMeasurementService"
163-->[com.google.firebase:firebase-analytics:15.0.2] AndroidManifest.xml:45:13-84
164            android:enabled="true"
164-->[com.google.firebase:firebase-analytics:15.0.2] AndroidManifest.xml:46:13-35
165            android:exported="false" />
165-->[com.google.firebase:firebase-analytics:15.0.2] AndroidManifest.xml:47:13-37
166        <service
166-->[com.google.firebase:firebase-analytics:15.0.2] AndroidManifest.xml:48:9-52:72
167            android:name="com.google.android.gms.measurement.AppMeasurementJobService"
167-->[com.google.firebase:firebase-analytics:15.0.2] AndroidManifest.xml:49:13-87
168            android:enabled="true"
168-->[com.google.firebase:firebase-analytics:15.0.2] AndroidManifest.xml:50:13-35
169            android:exported="false"
169-->[com.google.firebase:firebase-analytics:15.0.2] AndroidManifest.xml:51:13-37
170            android:permission="android.permission.BIND_JOB_SERVICE" />
170-->[com.google.firebase:firebase-analytics:15.0.2] AndroidManifest.xml:52:13-69
171
172        <receiver
172-->[com.google.firebase:firebase-iid:20.1.5] AndroidManifest.xml:37:9-44:20
173            android:name="com.google.firebase.iid.FirebaseInstanceIdReceiver"
173-->[com.google.firebase:firebase-iid:20.1.5] AndroidManifest.xml:38:13-78
174            android:exported="true"
174-->[com.google.firebase:firebase-iid:20.1.5] AndroidManifest.xml:39:13-36
175            android:permission="com.google.android.c2dm.permission.SEND" >
175-->[com.google.firebase:firebase-iid:20.1.5] AndroidManifest.xml:40:13-73
176            <intent-filter>
176-->[com.google.firebase:firebase-iid:20.1.5] AndroidManifest.xml:41:13-43:29
177                <action android:name="com.google.android.c2dm.intent.RECEIVE" />
177-->[com.google.firebase:firebase-iid:20.1.5] AndroidManifest.xml:42:17-81
177-->[com.google.firebase:firebase-iid:20.1.5] AndroidManifest.xml:42:25-78
178            </intent-filter>
179        </receiver>
180
181        <provider
181-->[com.google.firebase:firebase-common:19.3.0] AndroidManifest.xml:26:9-30:39
182            android:name="com.google.firebase.provider.FirebaseInitProvider"
182-->[com.google.firebase:firebase-common:19.3.0] AndroidManifest.xml:27:13-77
183            android:authorities="com.example.sevenalbum.firebaseinitprovider"
183-->[com.google.firebase:firebase-common:19.3.0] AndroidManifest.xml:28:13-72
184            android:exported="false"
184-->[com.google.firebase:firebase-common:19.3.0] AndroidManifest.xml:29:13-37
185            android:initOrder="100" />
185-->[com.google.firebase:firebase-common:19.3.0] AndroidManifest.xml:30:13-36
186
187        <activity
187-->[com.google.android.gms:play-services-base:17.0.0] AndroidManifest.xml:23:9-26:75
188            android:name="com.google.android.gms.common.api.GoogleApiActivity"
188-->[com.google.android.gms:play-services-base:17.0.0] AndroidManifest.xml:24:13-79
189            android:exported="false"
189-->[com.google.android.gms:play-services-base:17.0.0] AndroidManifest.xml:25:13-37
190            android:theme="@android:style/Theme.Translucent.NoTitleBar" />
190-->[com.google.android.gms:play-services-base:17.0.0] AndroidManifest.xml:26:13-72
191
192        <provider
192-->[androidx.emoji2:emoji2:1.2.0] AndroidManifest.xml:24:9-32:20
193            android:name="androidx.startup.InitializationProvider"
193-->[androidx.emoji2:emoji2:1.2.0] AndroidManifest.xml:25:13-67
194            android:authorities="com.example.sevenalbum.androidx-startup"
194-->[androidx.emoji2:emoji2:1.2.0] AndroidManifest.xml:26:13-68
195            android:exported="false" >
195-->[androidx.emoji2:emoji2:1.2.0] AndroidManifest.xml:27:13-37
196            <meta-data
196-->[androidx.emoji2:emoji2:1.2.0] AndroidManifest.xml:29:13-31:52
197                android:name="androidx.emoji2.text.EmojiCompatInitializer"
197-->[androidx.emoji2:emoji2:1.2.0] AndroidManifest.xml:30:17-75
198                android:value="androidx.startup" />
198-->[androidx.emoji2:emoji2:1.2.0] AndroidManifest.xml:31:17-49
199            <meta-data
199-->[androidx.lifecycle:lifecycle-process:2.4.1] AndroidManifest.xml:31:13-33:52
200                android:name="androidx.lifecycle.ProcessLifecycleInitializer"
200-->[androidx.lifecycle:lifecycle-process:2.4.1] AndroidManifest.xml:32:17-78
201                android:value="androidx.startup" />
201-->[androidx.lifecycle:lifecycle-process:2.4.1] AndroidManifest.xml:33:17-49
202        </provider>
203    </application>
204
205</manifest>